============================= test session starts =============================
platform win32 -- Python 3.14.6, pytest-9.1.1, pluggy-1.6.0 -- E:\ai\Day24-Track02-Lab-Assignment\medviet-governance\.venv\Scripts\python.exe
cachedir: .pytest_cache
rootdir: E:\ai\Day24-Track02-Lab-Assignment\medviet-governance
plugins: anyio-4.14.1, Faker-40.23.0
collecting ... collected 6 items

tests/test_pii.py::TestPIIDetection::test_cccd_detected PASSED           [ 16%]
tests/test_pii.py::TestPIIDetection::test_phone_detected PASSED          [ 33%]
tests/test_pii.py::TestPIIDetection::test_email_detected PASSED          [ 50%]
tests/test_pii.py::TestPIIDetection::test_detection_rate_above_95_percent PASSED [ 66%]
tests/test_pii.py::TestAnonymization::test_pii_not_in_output PASSED      [ 83%]
tests/test_pii.py::TestAnonymization::test_non_pii_columns_unchanged PASSED [100%]

============================= 6 passed in 16.95s ==============================
